2025-08-28 01:43:12 [INFO]: Serveur backend démarré sur le port 3000 {"port":3000,"env":"development","nodeVersion":"v22.15.0"}
2025-08-28 01:44:52 [INFO]: Serveur backend démarré sur le port 3000 {"port":"3000","env":"development","nodeVersion":"v22.15.0"}
2025-09-01 00:48:45 [INFO]: Serveur backend démarré sur le port 3000 {"port":"3000","env":"development","nodeVersion":"v22.15.0"}
2025-09-01 00:54:07 [ERROR]: Error ID: 1756731247432 - Bad control character in string literal in JSON at position 68 (line 4 column 26) {"errorId":"1756731247432","stack":"SyntaxError: Bad control character in string literal in JSON at position 68 (line 4 column 26)\n    at JSON.parse (<anonymous>)\n    at parse (C:\\logidoo\\logidoo-projet-aide-au-chargement\\backend\\node_modules\\body-parser\\lib\\types\\json.js:77:19)\n    at C:\\logidoo\\logidoo-projet-aide-au-chargement\\backend\\node_modules\\body-parser\\lib\\read.js:123:18\n    at AsyncResource.runInAsyncScope (node:async_hooks:214:14)\n    at invokeCallback (C:\\logidoo\\logidoo-projet-aide-au-chargement\\backend\\node_modules\\raw-body\\index.js:238:16)\n    at done (C:\\logidoo\\logidoo-projet-aide-au-chargement\\backend\\node_modules\\raw-body\\index.js:227:7)\n    at IncomingMessage.onEnd (C:\\logidoo\\logidoo-projet-aide-au-chargement\\backend\\node_modules\\raw-body\\index.js:287:7)\n    at IncomingMessage.emit (node:events:518:28)\n    at endReadableNT (node:internal/streams/readable:1698:12)\n    at process.processTicksAndRejections (node:internal/process/task_queues:90:21)","method":"POST","path":"/api/auth/login","params":{},"query":{},"user":"anonymous"}
2025-09-01 00:54:39 [WARN]: Route lente détectée: POST /login - 1379.02ms 
2025-09-01 02:52:27 [INFO]: Serveur backend démarré sur le port 3000 {"port":"3000","env":"development","nodeVersion":"v22.15.0"}
2025-09-01 02:54:42 [INFO]: Serveur backend démarré sur le port 3000 {"port":"3000","env":"development","nodeVersion":"v22.15.0"}
2025-09-01 03:06:28 [INFO]: Serveur backend démarré sur le port 3000 {"port":"3000","env":"development","nodeVersion":"v22.15.0"}
2025-09-01 03:26:44 [INFO]: Serveur backend démarré sur le port 3000 {"port":"3000","env":"development","nodeVersion":"v22.15.0"}
2025-09-01 23:15:29 [INFO]: Serveur backend démarré sur le port 3000 {"port":"3000","env":"development","nodeVersion":"v22.15.0"}
2025-09-01 23:32:35 [WARN]: Route lente détectée: OPTIONS /contenants/categories - 510.02ms 
2025-09-02 00:06:00 [INFO]: Serveur backend démarré sur le port 3000 {"port":"3000","env":"development","nodeVersion":"v22.15.0"}
2025-09-02 00:15:22 [WARN]: Route lente détectée: GET /categories - 1019.23ms 
2025-09-02 00:15:44 [INFO]: Serveur backend démarré sur le port 3000 {"port":"3000","env":"development","nodeVersion":"v22.15.0"}
2025-09-02 02:05:27 [WARN]: Route lente détectée: GET /categories - 508.66ms 
2025-09-02 02:38:47 [INFO]: Serveur backend démarré sur le port 3000 {"port":"3000","env":"development","nodeVersion":"v22.15.0"}
2025-09-02 02:45:53 [INFO]: Serveur backend démarré sur le port 3000 {"port":"3000","env":"development","nodeVersion":"v22.15.0"}
2025-09-02 03:13:13 [INFO]: Serveur backend démarré sur le port 3000 {"port":"3000","env":"development","nodeVersion":"v22.15.0"}
2025-09-02 23:16:06 [INFO]: Serveur backend démarré sur le port 3000 {"port":"3000","env":"development","nodeVersion":"v22.15.0"}
2025-09-02 23:16:08 [WARN]: Route lente détectée: GET /categories - 1453.25ms 
2025-09-02 23:49:55 [ERROR]: [Frontend] Erreur HTTP 401: POST https://logidoo.onrender.com/api/auth/login {"0":{"url":"https://logidoo.onrender.com/api/auth/login","method":"POST","status":401,"statusText":"Unknown Error","error":{"success":false,"message":"Invalid credentials"},"message":"Http failure response for https://logidoo.onrender.com/api/auth/login: 401 ","duration":"1524ms"},"ip":"::1","userAgent":"Mozilla/5.0 (Windows NT 10.0; Win64; x64) AppleWebKit/537.36 (KHTML, like Gecko) Chrome/139.0.0.0 Safari/537.36"}
2025-09-02 23:49:55 [WARN]: [Frontend] Performance: HTTP - POST https://logidoo.onrender.com/api/auth/login a pris 1524ms {"0":{"component":"HTTP","action":"POST https://logidoo.onrender.com/api/auth/login","duration":1524,"timestamp":"2025-09-03T11:49:55.499Z"},"ip":"::1","userAgent":"Mozilla/5.0 (Windows NT 10.0; Win64; x64) AppleWebKit/537.36 (KHTML, like Gecko) Chrome/139.0.0.0 Safari/537.36"}
