2025-08-28 01:43:12 [INFO]: Serveur backend démarré sur le port 3000 {"port":3000,"env":"development","nodeVersion":"v22.15.0"}
2025-08-28 01:44:52 [INFO]: Serveur backend démarré sur le port 3000 {"port":"3000","env":"development","nodeVersion":"v22.15.0"}
2025-08-28 01:46:22 [DEBUG]: [1756388782283] Début de la requête: POST /api/auth/register {"requestId":"1756388782283","method":"POST","url":"/api/auth/register","ip":"::1","userAgent":"PostmanRuntime/7.39.1"}
2025-08-28 01:46:22 [DEBUG]: [1756388782283] Fin de la requête: POST /api/auth/register - 130.07ms {"requestId":"1756388782283","method":"POST","url":"/api/auth/register","statusCode":400,"contentLength":77,"responseTime":"130.07","memoryUsage":23.56574249267578}
2025-08-28 01:46:49 [DEBUG]: [1756388809069] Début de la requête: POST /api/auth/register {"requestId":"1756388809069","method":"POST","url":"/api/auth/register","ip":"::1","userAgent":"PostmanRuntime/7.39.1"}
2025-08-28 01:46:49 [DEBUG]: [1756388809069] Fin de la requête: POST /api/auth/register - 107.18ms {"requestId":"1756388809069","method":"POST","url":"/api/auth/register","statusCode":500,"contentLength":122,"responseTime":"107.18","memoryUsage":24.668960571289062}
2025-08-28 01:47:11 [DEBUG]: [1756388831126] Début de la requête: POST /api/auth/register {"requestId":"1756388831126","method":"POST","url":"/api/auth/register","ip":"::1","userAgent":"PostmanRuntime/7.39.1"}
2025-08-28 01:47:11 [DEBUG]: [1756388831126] Fin de la requête: POST /api/auth/register - 290.95ms {"requestId":"1756388831126","method":"POST","url":"/api/auth/register","statusCode":201,"contentLength":362,"responseTime":"290.95","memoryUsage":24.386512756347656}
2025-09-01 00:48:45 [INFO]: Serveur backend démarré sur le port 3000 {"port":"3000","env":"development","nodeVersion":"v22.15.0"}
2025-09-01 00:54:07 [ERROR]: Error ID: 1756731247432 - Bad control character in string literal in JSON at position 68 (line 4 column 26) {"errorId":"1756731247432","stack":"SyntaxError: Bad control character in string literal in JSON at position 68 (line 4 column 26)\n    at JSON.parse (<anonymous>)\n    at parse (C:\\logidoo\\logidoo-projet-aide-au-chargement\\backend\\node_modules\\body-parser\\lib\\types\\json.js:77:19)\n    at C:\\logidoo\\logidoo-projet-aide-au-chargement\\backend\\node_modules\\body-parser\\lib\\read.js:123:18\n    at AsyncResource.runInAsyncScope (node:async_hooks:214:14)\n    at invokeCallback (C:\\logidoo\\logidoo-projet-aide-au-chargement\\backend\\node_modules\\raw-body\\index.js:238:16)\n    at done (C:\\logidoo\\logidoo-projet-aide-au-chargement\\backend\\node_modules\\raw-body\\index.js:227:7)\n    at IncomingMessage.onEnd (C:\\logidoo\\logidoo-projet-aide-au-chargement\\backend\\node_modules\\raw-body\\index.js:287:7)\n    at IncomingMessage.emit (node:events:518:28)\n    at endReadableNT (node:internal/streams/readable:1698:12)\n    at process.processTicksAndRejections (node:internal/process/task_queues:90:21)","method":"POST","path":"/api/auth/login","params":{},"query":{},"user":"anonymous"}
2025-09-01 00:54:38 [DEBUG]: [1756731278559] Début de la requête: POST /api/auth/login {"requestId":"1756731278559","method":"POST","url":"/api/auth/login","ip":"::1","userAgent":"PostmanRuntime/7.39.1"}
2025-09-01 00:54:39 [DEBUG]: [1756731278559] Fin de la requête: POST /api/auth/login - 1344.08ms {"requestId":"1756731278559","method":"POST","url":"/api/auth/login","statusCode":200,"contentLength":350,"responseTime":"1344.08","memoryUsage":24.222572326660156}
2025-09-01 00:54:39 [WARN]: Route lente détectée: POST /login - 1379.02ms 
2025-09-01 01:57:06 [DEBUG]: [1756735026346] Début de la requête: GET /api/contenants {"requestId":"1756735026346","method":"GET","url":"/api/contenants","ip":"::1","userAgent":"PostmanRuntime/7.39.1"}
2025-09-01 01:57:06 [DEBUG]: [1756735026346] Fin de la requête: GET /api/contenants - 338.87ms {"requestId":"1756735026346","method":"GET","url":"/api/contenants","statusCode":200,"contentLength":2058,"responseTime":"338.87","memoryUsage":24.820350646972656}
2025-09-01 02:43:58 [DEBUG]: [1756737838849] Début de la requête: GET /api/contenants/categories {"requestId":"1756737838849","method":"GET","url":"/api/contenants/categories","ip":"::1","userAgent":"PostmanRuntime/7.39.1"}
2025-09-01 02:46:18 [DEBUG]: [1756737978846] Début de la requête: GET /api/contenants/categories {"requestId":"1756737978846","method":"GET","url":"/api/contenants/categories","ip":"::1","userAgent":"PostmanRuntime/7.39.1"}
2025-09-01 02:48:49 [DEBUG]: [1756738129736] Début de la requête: GET /api/contenants/categories {"requestId":"1756738129736","method":"GET","url":"/api/contenants/categories","ip":"::1","userAgent":"PostmanRuntime/7.39.1"}
2025-09-01 02:52:27 [INFO]: Serveur backend démarré sur le port 3000 {"port":"3000","env":"development","nodeVersion":"v22.15.0"}
2025-09-01 02:52:38 [DEBUG]: [1756738358329] Début de la requête: GET /api/contenants/categories {"requestId":"1756738358329","method":"GET","url":"/api/contenants/categories","ip":"::1","userAgent":"PostmanRuntime/7.39.1"}
2025-09-01 02:52:38 [DEBUG]: [1756738358329] Fin de la requête: GET /api/contenants/categories - 8.62ms {"requestId":"1756738358329","method":"GET","url":"/api/contenants/categories","statusCode":500,"contentLength":39,"responseTime":"8.62","memoryUsage":24.57508087158203}
2025-09-01 02:54:16 [DEBUG]: [1756738456422] Début de la requête: GET /api/contenants/categories {"requestId":"1756738456422","method":"GET","url":"/api/contenants/categories","ip":"::1","userAgent":"PostmanRuntime/7.39.1"}
2025-09-01 02:54:16 [DEBUG]: [1756738456422] Fin de la requête: GET /api/contenants/categories - 12.84ms {"requestId":"1756738456422","method":"GET","url":"/api/contenants/categories","statusCode":500,"contentLength":39,"responseTime":"12.84","memoryUsage":23.332504272460938}
2025-09-01 02:54:42 [INFO]: Serveur backend démarré sur le port 3000 {"port":"3000","env":"development","nodeVersion":"v22.15.0"}
2025-09-01 02:54:47 [DEBUG]: [1756738487177] Début de la requête: GET /api/contenants/categories {"requestId":"1756738487177","method":"GET","url":"/api/contenants/categories","ip":"::1","userAgent":"PostmanRuntime/7.39.1"}
2025-09-01 02:54:47 [DEBUG]: [1756738487177] Fin de la requête: GET /api/contenants/categories - 87.35ms {"requestId":"1756738487177","method":"GET","url":"/api/contenants/categories","statusCode":200,"contentLength":22,"responseTime":"87.35","memoryUsage":24.5709228515625}
2025-09-01 03:06:28 [INFO]: Serveur backend démarré sur le port 3000 {"port":"3000","env":"development","nodeVersion":"v22.15.0"}
2025-09-01 03:26:44 [INFO]: Serveur backend démarré sur le port 3000 {"port":"3000","env":"development","nodeVersion":"v22.15.0"}
